2022-04-27 18:37:28,086 [OK] - CREATE_MAPSTORE_CONNECTION
2022-04-27 18:37:28,138 [OK] - CREATE_MAPSTORE_ENGINE
2022-04-27 18:37:28,152 [OK] - OPEN_SQL_QUERY
2022-04-27 18:37:31,036 [OK] - EXECUTE_SQL_QUERY
2022-04-28 14:48:23,774 [OK] - CREATE_MAPSTORE_CONNECTION
2022-04-28 14:48:23,826 [OK] - CREATE_MAPSTORE_ENGINE
2022-04-28 14:48:23,828 [OK] - OPEN_SQL_QUERY
2022-04-28 14:48:26,362 [OK] - EXECUTE_SQL_QUERY
2022-05-09 20:49:30,278 [OK] - CREATE_MAPSTORE_CONNECTION
2022-05-09 20:49:30,374 [OK] - CREATE_MAPSTORE_ENGINE
2022-05-09 20:49:30,381 [OK] - OPEN_SQL_QUERY
2022-05-09 20:49:33,183 [OK] - EXECUTE_SQL_QUERY
2022-05-09 20:53:29,940 [OK] - CREATE_MAPSTORE_CONNECTION
2022-05-09 20:53:30,059 [OK] - CREATE_MAPSTORE_ENGINE
2022-05-09 20:53:30,072 [OK] - OPEN_SQL_QUERY
2022-05-09 20:53:32,793 [OK] - EXECUTE_SQL_QUERY
2022-05-16 18:09:45,670 [OK] - CREATE_MAPSTORE_CONNECTION
2022-05-16 18:09:45,730 [OK] - CREATE_MAPSTORE_ENGINE
2022-05-16 18:09:45,732 [OK] - OPEN_SQL_QUERY
2022-05-16 18:09:48,205 [ERROR] - EXECUTE_SQL_QUERY
2022-05-16 18:11:43,804 [OK] - CREATE_MAPSTORE_CONNECTION
2022-05-16 18:11:43,855 [OK] - CREATE_MAPSTORE_ENGINE
2022-05-16 18:11:43,857 [OK] - OPEN_SQL_QUERY
2022-05-16 18:11:46,281 [ERROR] - EXECUTE_SQL_QUERY
2022-05-16 18:13:56,998 [OK] - CREATE_MAPSTORE_CONNECTION
2022-05-16 18:13:57,051 [OK] - CREATE_MAPSTORE_ENGINE
2022-05-16 18:13:57,053 [OK] - OPEN_SQL_QUERY
2022-05-16 18:13:59,504 [ERROR] - EXECUTE_SQL_QUERY
2022-05-17 10:38:34,161 [OK] - CREATE_MAPSTORE_CONNECTION
2022-05-17 10:38:34,215 [OK] - CREATE_MAPSTORE_ENGINE
2022-05-17 10:38:34,217 [OK] - OPEN_SQL_QUERY
2022-05-17 10:38:36,574 [ERROR] - EXECUTE_SQL_QUERY
2022-05-17 10:40:00,786 [OK] - CREATE_MAPSTORE_CONNECTION
2022-05-17 10:40:00,840 [OK] - CREATE_MAPSTORE_ENGINE
2022-05-17 10:40:00,842 [OK] - OPEN_SQL_QUERY
2022-05-17 10:40:03,431 [ERROR] - EXECUTE_SQL_QUERY
2022-05-17 10:40:16,384 [OK] - CREATE_MAPSTORE_CONNECTION
2022-05-17 10:40:16,438 [OK] - CREATE_MAPSTORE_ENGINE
2022-05-17 10:40:16,440 [OK] - OPEN_SQL_QUERY
2022-05-17 10:40:18,850 [ERROR] - EXECUTE_SQL_QUERY
2022-05-17 10:41:41,661 [OK] - CREATE_MAPSTORE_CONNECTION
2022-05-17 10:41:41,715 [OK] - CREATE_MAPSTORE_ENGINE
2022-05-17 10:41:41,716 [OK] - OPEN_SQL_QUERY
2022-05-17 10:41:44,270 [OK] - EXECUTE_SQL_QUERY
2022-05-19 12:57:11,377 [OK] - CREATE_MAPSTORE_CONNECTION
2022-05-19 12:57:11,429 [OK] - CREATE_MAPSTORE_ENGINE
2022-05-19 12:57:11,431 [OK] - OPEN_SQL_QUERY
2022-05-19 12:57:13,890 [OK] - EXECUTE_SQL_QUERY
2022-06-01 15:58:11,455 [OK] - CREATE_MAPSTORE_CONNECTION
2022-06-01 15:58:11,516 [OK] - CREATE_MAPSTORE_ENGINE
2022-06-01 15:58:11,521 [OK] - OPEN_SQL_QUERY
2022-06-01 15:58:14,660 [OK] - EXECUTE_SQL_QUERY
2022-06-08 17:16:46,752 [OK] - CREATE_MAPSTORE_CONNECTION
2022-06-08 17:16:46,810 [OK] - CREATE_MAPSTORE_ENGINE
2022-06-08 17:16:46,818 [OK] - OPEN_SQL_QUERY
2022-06-08 17:16:50,145 [OK] - EXECUTE_SQL_QUERY
2022-06-24 09:56:26,796 [OK] - CREATE_MAPSTORE_CONNECTION
2022-06-24 09:56:26,899 [OK] - CREATE_MAPSTORE_ENGINE
2022-06-24 09:56:26,913 [OK] - OPEN_SQL_QUERY
2022-06-24 09:56:29,729 [OK] - EXECUTE_SQL_QUERY
2022-08-02 14:14:38,859 [OK] - CREATE_DB_STRING
2022-08-02 14:14:38,972 [OK] - CREATE_DB_ENGINE
2022-08-02 14:14:39,466 [OK] - CONNECT_TO_ENGINE
2022-08-02 14:14:42,041 [OK] - TABLE_TO_DF
2022-08-02 14:14:42,041 [OK] - CREATE_DB_STRING
2022-08-02 14:14:42,162 [OK] - CREATE_DB_ENGINE
2022-08-02 14:21:08,758 [OK] - CREATE_DB_STRING
2022-08-02 14:21:08,815 [OK] - CREATE_DB_ENGINE
2022-08-02 14:21:10,210 [OK] - CONNECT_TO_ENGINE
2022-08-02 14:21:13,859 [OK] - TABLE_TO_DF
2022-08-02 14:21:13,859 [OK] - CREATE_DB_STRING
2022-08-02 14:21:13,947 [OK] - CREATE_DB_ENGINE
2022-08-02 14:21:27,704 [OK] - DF_TO_DB
2022-08-02 14:21:27,715 [OK] - OPEN_SQL_QUERY
2022-08-02 14:21:28,325 [OK] - EXECUTE_SQL_QUERY
2022-08-02 16:56:23,222 [OK] - CREATE_DB_STRING
2022-08-02 16:56:23,298 [OK] - CREATE_DB_ENGINE
2022-08-02 16:56:23,490 [OK] - CONNECT_TO_ENGINE
2022-08-02 16:56:24,535 [OK] - TABLE_TO_DF
2022-08-02 16:56:24,537 [OK] - CREATE_DB_STRING
2022-08-02 16:56:24,623 [OK] - CREATE_DB_ENGINE
2022-08-02 16:56:36,785 [OK] - DF_TO_DB
2022-08-02 16:56:36,788 [OK] - OPEN_SQL_QUERY
2022-08-02 16:56:37,423 [OK] - EXECUTE_SQL_QUERY
