2022-04-27 18:22:33,801 Starting new HTTPS connection (1): geoportal.subpesca.cl:443
2022-04-27 18:22:35,734 https://geoportal.subpesca.cl:443 "GET /server/rest/services/IDE_PUBLICO/SRMPUB_ACUICULTURA/MapServer/0/query?f=json&where=REP_SUBPESCA2.ADM_UOT.PULLINQUE4_T_ACUICULTURA.REGION%20%3D%20%27REGI%C3%93N%20DE%20LOS%20LAGOS%27&returnGeometry=true&spatialRel=esriSpatialRelIntersects&maxAllowableOffset=0&outFields=*&outSR=4326 HTTP/1.1" 200 682769
2022-04-27 18:22:36,184 [OK] - GET_IDE_RESPONSE
2022-04-27 18:22:36,302 [OK] - RESPONSE_TO_JSON
2022-04-27 18:22:36,414 [OK] - JSON_TO_DF
2022-04-27 18:22:36,416 [OK] - RENAME_DF_COLUMNS
2022-04-27 18:22:36,454 [OK] - LIST_TO_TUPLES
2022-04-27 18:22:36,456 [OK] - POLYGON_COORDS_TO_DF
2022-04-27 18:22:36,591 [OK] - TRANSFORM GEOMETRY COLUMN
2022-04-27 18:22:36,598 [OK] - DROP_STR_GEOMETRY
2022-04-27 18:22:36,599 [OK] - CREATE_MAPSTORE_CONNECTION
2022-04-27 18:22:36,654 [OK] - CREATE_MAPSTORE_ENGINE
2022-04-27 18:22:44,907 [OK] - DF_TO_DB
2022-04-27 18:22:44,910 [OK] - OPEN_SQL_QUERY
2022-04-27 18:22:45,393 [OK] - EXECUTE_SQL_QUERY
2022-04-27 18:24:45,828 Starting new HTTPS connection (1): geoportal.subpesca.cl:443
2022-04-27 18:24:47,790 https://geoportal.subpesca.cl:443 "GET /server/rest/services/IDE_PUBLICO/SRMPUB_ACUICULTURA/MapServer/0/query?f=json&where=REP_SUBPESCA2.ADM_UOT.PULLINQUE4_T_ACUICULTURA.REGION%20%3D%20%27REGI%C3%93N%20DE%20LOS%20LAGOS%27&returnGeometry=true&spatialRel=esriSpatialRelIntersects&maxAllowableOffset=0&outFields=*&outSR=4326 HTTP/1.1" 200 682769
2022-04-27 18:24:48,269 [OK] - GET_IDE_RESPONSE
2022-04-27 18:24:48,391 [OK] - RESPONSE_TO_JSON
2022-04-27 18:24:48,517 [OK] - JSON_TO_DF
2022-04-27 18:24:48,519 [OK] - RENAME_DF_COLUMNS
2022-04-27 18:24:48,557 [OK] - LIST_TO_TUPLES
2022-04-27 18:24:48,559 [OK] - POLYGON_COORDS_TO_DF
2022-04-27 18:24:48,698 [OK] - TRANSFORM GEOMETRY COLUMN
2022-04-27 18:24:48,704 [OK] - DROP_STR_GEOMETRY
2022-04-27 18:24:48,704 [OK] - CREATE_MAPSTORE_CONNECTION
2022-04-27 18:24:48,756 [OK] - CREATE_MAPSTORE_ENGINE
2022-04-27 18:24:56,830 [OK] - DF_TO_DB
2022-04-27 18:24:56,832 [OK] - OPEN_SQL_QUERY
2022-04-27 18:24:57,310 [OK] - EXECUTE_SQL_QUERY
2022-04-28 14:46:26,904 Starting new HTTPS connection (1): geoportal.subpesca.cl:443
2022-04-28 14:46:30,034 https://geoportal.subpesca.cl:443 "GET /server/rest/services/IDE_PUBLICO/SRMPUB_ACUICULTURA/MapServer/0/query?f=json&where=REP_SUBPESCA2.ADM_UOT.PULLINQUE4_T_ACUICULTURA.REGION%20%3D%20%27REGI%C3%93N%20DE%20LOS%20LAGOS%27&returnGeometry=true&spatialRel=esriSpatialRelIntersects&maxAllowableOffset=0&outFields=*&outSR=4326 HTTP/1.1" 200 682770
2022-04-28 14:46:30,529 [OK] - GET_IDE_RESPONSE
2022-04-28 14:46:30,646 [OK] - RESPONSE_TO_JSON
2022-04-28 14:46:30,773 [OK] - JSON_TO_DF
2022-04-28 14:46:30,776 [OK] - RENAME_DF_COLUMNS
2022-04-28 14:46:30,817 [OK] - LIST_TO_TUPLES
2022-04-28 14:46:30,820 [OK] - POLYGON_COORDS_TO_DF
2022-04-28 14:46:30,967 [OK] - TRANSFORM GEOMETRY COLUMN
2022-04-28 14:46:30,981 [OK] - DROP_STR_GEOMETRY
2022-04-28 14:46:30,981 [OK] - CREATE_MAPSTORE_CONNECTION
2022-04-28 14:46:31,074 [OK] - CREATE_MAPSTORE_ENGINE
2022-04-28 14:46:38,496 [OK] - DF_TO_DB
2022-04-28 14:46:38,523 [OK] - OPEN_SQL_QUERY
2022-04-28 14:46:38,970 [OK] - EXECUTE_SQL_QUERY
2022-05-10 16:48:00,729 Starting new HTTPS connection (1): geoportal.subpesca.cl:443
2022-05-10 16:48:03,496 https://geoportal.subpesca.cl:443 "GET /server/rest/services/IDE_PUBLICO/SRMPUB_ACUICULTURA/MapServer/0/query?f=json&where=REP_SUBPESCA2.ADM_UOT.PULLINQUE4_T_ACUICULTURA.REGION%20%3D%20%27REGI%C3%93N%20DE%20LOS%20LAGOS%27&returnGeometry=true&spatialRel=esriSpatialRelIntersects&maxAllowableOffset=0&outFields=*&outSR=4326 HTTP/1.1" 200 682176
2022-05-10 16:48:04,011 [OK] - GET_IDE_RESPONSE FROM CENTROS SERVICE
2022-05-10 16:48:04,014 Starting new HTTPS connection (1): geoportal.subpesca.cl:443
2022-05-10 16:48:04,258 https://geoportal.subpesca.cl:443 "GET /server/rest/services/IDE_INTERNO/SRMINT_AREASDECOLECTA/MapServer/0/query?f=json&where=REP_SUBPESCA2.ADM_UOT.ACUI_SSPA_T_AREACOLECTA.COD_REGION%20%3D%2010&returnGeometry=true&spatialRel=esriSpatialRelIntersects&maxAllowableOffset=0&outFields=*&outSR=4326 HTTP/1.1" 200 55829
2022-05-10 16:48:04,281 [OK] - GET_IDE_RESPONSE FROM AREAS_COLECTA SERVICE
2022-05-10 16:48:04,291 Starting new HTTPS connection (1): geoportal.subpesca.cl:443
2022-05-10 16:48:26,254 https://geoportal.subpesca.cl:443 "GET /server/rest/services/IDE_PUBLICO/SRMPUB_ECMPO/MapServer/0/query?f=json&where=REP_SUBPESCA2.ADM_UAI.AIND_SSP_T_ECMPO.REGION%20%3D%2010&returnGeometry=true&spatialRel=esriSpatialRelIntersects&maxAllowableOffset=0&outFields=*&outSR=4326 HTTP/1.1" 200 21636815
2022-05-10 16:48:42,293 [OK] - GET_IDE_RESPONSE FROM ECMPO SERVICE
2022-05-10 16:48:42,295 Starting new HTTPS connection (1): geoportal.subpesca.cl:443
2022-05-10 16:48:46,347 https://geoportal.subpesca.cl:443 "GET /server/rest/services/TESTING/SRMTEST_AMERB/MapServer/0/query?f=json&where=REP_SUBPESCA2.ADM_URB.RRBB_SSP_T_AMERB.C_REGION%20%3D%2010&returnGeometry=true&spatialRel=esriSpatialRelIntersects&maxAllowableOffset=0&outFields=*&outSR=4326 HTTP/1.1" 200 4497271
2022-05-10 16:48:49,554 [OK] - GET_IDE_RESPONSE FROM AMERB SERVICE
2022-05-10 16:48:49,559 Starting new HTTPS connection (1): geoportal.subpesca.cl:443
2022-05-10 16:48:49,849 https://geoportal.subpesca.cl:443 "GET /server/rest/services/IDE_PUBLICO/SRMPUB_ACUIAMERB/MapServer/0/query?f=json&where=REP_SUBPESCA2.ADM_UOT.ACUI_SSP_T_ACUICULTURAAMERB.REGION%20%3D%2010&returnGeometry=true&spatialRel=esriSpatialRelIntersects&maxAllowableOffset=0&outFields=*&outSR=4326 HTTP/1.1" 200 11214
2022-05-10 16:48:49,859 [OK] - GET_IDE_RESPONSE FROM ACUI_EN_AMERB SERVICE
2022-05-10 16:48:49,969 [OK] - RESPONSE_TO_JSON
2022-05-10 16:48:49,978 [OK] - RESPONSE_TO_JSON
2022-05-10 16:48:52,759 [OK] - RESPONSE_TO_JSON
2022-05-10 16:48:53,178 [OK] - RESPONSE_TO_JSON
2022-05-10 16:48:53,180 [OK] - RESPONSE_TO_JSON
2022-05-10 16:48:53,292 [OK] - JSON_TO_DF
2022-05-10 16:48:53,299 [OK] - JSON_TO_DF
2022-05-10 16:48:53,304 [OK] - JSON_TO_DF
2022-05-10 16:48:53,316 [OK] - JSON_TO_DF
2022-05-10 16:48:53,319 [OK] - JSON_TO_DF
2022-05-10 16:48:53,321 [OK] - RENAME_DF_COLUMNS
2022-05-10 16:48:53,323 [OK] - RENAME_DF_COLUMNS
2022-05-10 16:48:53,324 [OK] - RENAME_DF_COLUMNS
2022-05-10 16:48:53,324 [OK] - RENAME_DF_COLUMNS
2022-05-10 16:48:53,325 [OK] - RENAME_DF_COLUMNS
2022-05-10 16:48:53,330 [OK] - LIST_TO_TUPLES
2022-05-10 16:48:53,331 [OK] - LIST_TO_TUPLES
2022-05-10 16:48:53,419 [OK] - LIST_TO_TUPLES
2022-05-10 16:48:53,450 [OK] - LIST_TO_TUPLES
2022-05-10 16:48:53,452 [OK] - LIST_TO_TUPLES
2022-05-10 16:48:53,453 [OK] - POLYGON_COORDS_TO_DF
2022-05-10 16:50:01,050 Starting new HTTPS connection (1): geoportal.subpesca.cl:443
2022-05-10 16:50:03,409 https://geoportal.subpesca.cl:443 "GET /server/rest/services/IDE_PUBLICO/SRMPUB_ACUICULTURA/MapServer/0/query?f=json&where=REP_SUBPESCA2.ADM_UOT.PULLINQUE4_T_ACUICULTURA.REGION%20%3D%20%27REGI%C3%93N%20DE%20LOS%20LAGOS%27&returnGeometry=true&spatialRel=esriSpatialRelIntersects&maxAllowableOffset=0&outFields=*&outSR=4326 HTTP/1.1" 200 682176
2022-05-10 16:50:06,182 [OK] - GET_IDE_RESPONSE FROM CENTROS SERVICE
2022-05-10 16:50:06,188 Starting new HTTPS connection (1): geoportal.subpesca.cl:443
2022-05-10 16:50:06,463 https://geoportal.subpesca.cl:443 "GET /server/rest/services/IDE_INTERNO/SRMINT_AREASDECOLECTA/MapServer/0/query?f=json&where=REP_SUBPESCA2.ADM_UOT.ACUI_SSPA_T_AREACOLECTA.COD_REGION%20%3D%2010&returnGeometry=true&spatialRel=esriSpatialRelIntersects&maxAllowableOffset=0&outFields=*&outSR=4326 HTTP/1.1" 200 55829
2022-05-10 16:50:06,492 [OK] - GET_IDE_RESPONSE FROM AREAS_COLECTA SERVICE
2022-05-10 16:50:06,500 Starting new HTTPS connection (1): geoportal.subpesca.cl:443
2022-05-10 16:50:28,594 https://geoportal.subpesca.cl:443 "GET /server/rest/services/IDE_PUBLICO/SRMPUB_ECMPO/MapServer/0/query?f=json&where=REP_SUBPESCA2.ADM_UAI.AIND_SSP_T_ECMPO.REGION%20%3D%2010&returnGeometry=true&spatialRel=esriSpatialRelIntersects&maxAllowableOffset=0&outFields=*&outSR=4326 HTTP/1.1" 200 21636815
2022-05-10 16:50:45,931 [OK] - GET_IDE_RESPONSE FROM ECMPO SERVICE
2022-05-10 16:50:45,934 Starting new HTTPS connection (1): geoportal.subpesca.cl:443
2022-05-10 16:50:49,786 https://geoportal.subpesca.cl:443 "GET /server/rest/services/TESTING/SRMTEST_AMERB/MapServer/0/query?f=json&where=REP_SUBPESCA2.ADM_URB.RRBB_SSP_T_AMERB.C_REGION%20%3D%2010&returnGeometry=true&spatialRel=esriSpatialRelIntersects&maxAllowableOffset=0&outFields=*&outSR=4326 HTTP/1.1" 200 4497271
2022-05-10 16:50:53,068 [OK] - GET_IDE_RESPONSE FROM AMERB SERVICE
2022-05-10 16:50:53,072 Starting new HTTPS connection (1): geoportal.subpesca.cl:443
2022-05-10 16:50:53,256 https://geoportal.subpesca.cl:443 "GET /server/rest/services/IDE_PUBLICO/SRMPUB_ACUIAMERB/MapServer/0/query?f=json&where=REP_SUBPESCA2.ADM_UOT.ACUI_SSP_T_ACUICULTURAAMERB.REGION%20%3D%2010&returnGeometry=true&spatialRel=esriSpatialRelIntersects&maxAllowableOffset=0&outFields=*&outSR=4326 HTTP/1.1" 200 11214
2022-05-10 16:50:53,260 [OK] - GET_IDE_RESPONSE FROM ACUI_EN_AMERB SERVICE
2022-05-10 16:50:53,358 [OK] - RESPONSE_TO_JSON
2022-05-10 16:50:53,364 [OK] - RESPONSE_TO_JSON
2022-05-10 16:50:56,333 [OK] - RESPONSE_TO_JSON
2022-05-10 16:50:56,745 [OK] - RESPONSE_TO_JSON
2022-05-10 16:50:56,746 [OK] - RESPONSE_TO_JSON
2022-05-10 16:50:56,857 [OK] - JSON_TO_DF
2022-05-10 16:50:56,865 [OK] - JSON_TO_DF
2022-05-10 16:50:56,874 [OK] - JSON_TO_DF
2022-05-10 16:50:56,887 [OK] - JSON_TO_DF
2022-05-10 16:50:56,890 [OK] - JSON_TO_DF
2022-05-10 16:50:56,892 [OK] - RENAME_DF_COLUMNS
2022-05-10 16:50:56,893 [OK] - RENAME_DF_COLUMNS
2022-05-10 16:50:56,894 [OK] - RENAME_DF_COLUMNS
2022-05-10 16:50:56,895 [OK] - RENAME_DF_COLUMNS
2022-05-10 16:50:56,895 [OK] - RENAME_DF_COLUMNS
2022-05-10 16:50:56,900 [OK] - LIST_TO_TUPLES
2022-05-10 16:50:56,901 [OK] - LIST_TO_TUPLES
2022-05-10 16:50:56,995 [OK] - LIST_TO_TUPLES
2022-05-10 16:50:57,036 [OK] - LIST_TO_TUPLES
2022-05-10 16:50:57,037 [OK] - LIST_TO_TUPLES
2022-05-10 16:50:57,038 [OK] - POLYGON_COORDS_TO_DF
2022-05-10 16:50:57,039 [OK] - POLYGON_COORDS_TO_DF
2022-05-10 16:50:57,040 [OK] - POLYGON_COORDS_TO_DF
2022-05-10 16:50:57,041 [OK] - POLYGON_COORDS_TO_DF
2022-05-10 16:50:57,041 [OK] - POLYGON_COORDS_TO_DF
2022-05-10 16:50:57,172 [OK] - TRANSFORM GEOMETRY COLUMN
2022-05-10 16:50:57,184 [OK] - TRANSFORM GEOMETRY COLUMN
2022-05-10 16:50:57,641 [OK] - TRANSFORM GEOMETRY COLUMN
2022-05-10 16:50:57,791 [OK] - TRANSFORM GEOMETRY COLUMN
2022-05-10 16:50:57,794 [OK] - TRANSFORM GEOMETRY COLUMN
2022-05-10 16:50:57,800 [OK] - DROP_STR_GEOMETRY
2022-05-10 16:50:57,802 [OK] - DROP_STR_GEOMETRY
2022-05-10 16:50:57,803 [OK] - DROP_STR_GEOMETRY
2022-05-10 16:50:57,804 [OK] - DROP_STR_GEOMETRY
2022-05-10 16:50:57,806 [OK] - DROP_STR_GEOMETRY
2022-05-10 16:50:57,807 [OK] - CREATE_MAPSTORE_CONNECTION
2022-05-10 16:50:57,891 [OK] - CREATE_MAPSTORE_ENGINE
2022-05-10 16:51:06,179 [OK] - CONCESIONES_ACUICULTURA DF_TO_DB
2022-05-10 16:51:07,513 [OK] - AREAS_COLECTA DF_TO_DB
2022-05-10 16:51:15,848 [OK] - ECMPO DF_TO_DB
2022-05-10 16:51:19,470 [OK] - AMERB DF_TO_DB
2022-05-10 16:51:20,739 [OK] - ACUIAMERB DF_TO_DB
2022-05-10 16:51:20,740 [OK] - OPEN_SQL_QUERY
2022-05-10 16:51:23,664 [OK] - EXECUTE_SQL_QUERY
