2022-04-27 18:32:26,669 [OK] - CONNECT_REPORTEADOR_DB
2022-04-27 18:32:26,672 [OK] - CONNECT_MAPSTORE_DB
2022-04-27 18:32:26,754 [OK] - CREATE_MAPSTORE_ENGINE
2022-04-27 18:32:29,819 [OK] - TABLES_TO_DF
2022-04-27 18:32:52,293 [OK] - DFS_TO_BD
2022-04-27 18:32:52,313 [OK] - OPEN_SQL_QUERY
2022-04-27 18:32:52,721 [OK] - EXECUTE_SQL_QUERY
2022-04-28 14:47:34,585 [OK] - CONNECT_REPORTEADOR_DB
2022-04-28 14:47:34,587 [OK] - CONNECT_MAPSTORE_DB
2022-04-28 14:47:34,663 [OK] - CREATE_MAPSTORE_ENGINE
2022-04-28 14:47:36,675 [OK] - TABLES_TO_DF
2022-04-28 14:47:56,922 [OK] - DFS_TO_BD
2022-04-28 14:47:56,943 [OK] - OPEN_SQL_QUERY
2022-04-28 14:47:57,313 [OK] - EXECUTE_SQL_QUERY
2022-04-28 17:50:22,553 [ERROR] - CONNECT_REPORTEADOR_BD
2022-05-16 18:08:48,814 [OK] - CONNECT_REPORTEADOR_DB
2022-05-16 18:08:48,818 [OK] - CONNECT_MAPSTORE_DB
2022-05-16 18:08:48,930 [OK] - CREATE_MAPSTORE_ENGINE
2022-05-16 18:08:56,028 [OK] - TABLES_TO_DF
2022-05-16 18:09:16,544 [OK] - DFS_TO_BD
2022-05-16 18:09:16,546 [OK] - OPEN_SQL_QUERY
2022-05-16 18:09:16,922 [OK] - EXECUTE_SQL_QUERY
2022-05-16 18:11:12,564 [OK] - CONNECT_REPORTEADOR_DB
2022-05-16 18:11:12,566 [OK] - CONNECT_MAPSTORE_DB
2022-05-16 18:11:12,621 [OK] - CREATE_MAPSTORE_ENGINE
2022-05-16 18:11:13,188 [OK] - TABLES_TO_DF
2022-05-16 18:11:33,696 [OK] - DFS_TO_BD
2022-05-16 18:11:33,698 [OK] - OPEN_SQL_QUERY
2022-05-16 18:11:34,074 [OK] - EXECUTE_SQL_QUERY
2022-05-16 18:13:03,976 [OK] - CONNECT_REPORTEADOR_DB
2022-05-16 18:13:03,978 [OK] - CONNECT_MAPSTORE_DB
2022-05-16 18:13:04,035 [OK] - CREATE_MAPSTORE_ENGINE
2022-05-16 18:13:04,576 [OK] - TABLES_TO_DF
2022-05-16 18:13:25,420 [OK] - DFS_TO_BD
2022-05-16 18:13:25,421 [OK] - OPEN_SQL_QUERY
2022-05-16 18:13:25,803 [OK] - EXECUTE_SQL_QUERY
2022-05-17 10:37:55,390 [OK] - CONNECT_REPORTEADOR_DB
2022-05-17 10:37:55,392 [OK] - CONNECT_MAPSTORE_DB
2022-05-17 10:37:55,450 [OK] - CREATE_MAPSTORE_ENGINE
2022-05-17 10:38:02,438 [OK] - TABLES_TO_DF
2022-05-17 10:38:23,505 [OK] - DFS_TO_BD
2022-05-17 10:38:23,519 [OK] - OPEN_SQL_QUERY
2022-05-17 10:38:23,885 [OK] - EXECUTE_SQL_QUERY
2022-05-19 12:56:38,586 [OK] - CONNECT_REPORTEADOR_DB
2022-05-19 12:56:38,588 [OK] - CONNECT_MAPSTORE_DB
2022-05-19 12:56:38,640 [OK] - CREATE_MAPSTORE_ENGINE
2022-05-19 12:56:41,796 [OK] - TABLES_TO_DF
2022-05-19 12:56:47,218 [OK] - DFS_TO_BD
2022-05-19 12:56:50,937 [OK] - DFS_TO_BD
2022-05-19 12:56:55,017 [OK] - DFS_TO_BD
2022-05-19 12:56:58,558 [OK] - DFS_TO_BD
2022-05-19 12:57:02,148 [OK] - DFS_TO_BD
2022-05-19 12:57:03,373 [OK] - DFS_TO_BD
2022-05-19 12:57:03,395 [OK] - OPEN_SQL_QUERY
2022-05-19 12:57:03,785 [OK] - EXECUTE_SQL_QUERY
2022-06-01 15:57:27,068 [OK] - CONNECT_REPORTEADOR_DB
2022-06-01 15:57:27,069 [OK] - CONNECT_MAPSTORE_DB
2022-06-01 15:57:27,139 [OK] - CREATE_MAPSTORE_ENGINE
2022-06-01 15:57:32,973 [OK] - TABLES_TO_DF
2022-06-01 15:57:39,153 [OK] - DFS_TO_BD
2022-06-01 15:57:43,310 [OK] - DFS_TO_BD
2022-06-01 15:57:47,690 [OK] - DFS_TO_BD
2022-06-01 15:57:51,720 [OK] - DFS_TO_BD
2022-06-01 15:57:56,262 [OK] - DFS_TO_BD
2022-06-01 15:58:00,501 [OK] - DFS_TO_BD
2022-06-01 15:58:00,509 [OK] - OPEN_SQL_QUERY
2022-06-01 15:58:00,936 [OK] - EXECUTE_SQL_QUERY
2022-06-08 17:16:08,215 [OK] - CONNECT_REPORTEADOR_DB
2022-06-08 17:16:08,218 [OK] - CONNECT_MAPSTORE_DB
2022-06-08 17:16:08,298 [OK] - CREATE_MAPSTORE_ENGINE
2022-06-08 17:16:11,718 [OK] - TABLES_TO_DF
2022-06-08 17:16:17,773 [OK] - DFS_TO_BD
2022-06-08 17:16:21,875 [OK] - DFS_TO_BD
2022-06-08 17:16:26,240 [OK] - DFS_TO_BD
2022-06-08 17:16:30,157 [OK] - DFS_TO_BD
2022-06-08 17:16:34,218 [OK] - DFS_TO_BD
2022-06-08 17:16:38,292 [OK] - DFS_TO_BD
2022-06-08 17:16:38,296 [OK] - OPEN_SQL_QUERY
2022-06-08 17:16:38,712 [OK] - EXECUTE_SQL_QUERY
